This is pdfTeX, Version 3.141592653-2.6-1.40.24 (MiKTeX 22.1) (preloaded format=pdflatex 2025.7.28)  11 JAN 2026 22:58
entering extended mode
 restricted \write18 enabled.
 file:line:error style messages enabled.
 %&-line parsing enabled.
**"/Volumes/My Files/CMInDS Course/Research Work/Presentation/CMInDS Beamer Template/Deck.tex"
(/Volumes/My Files/CMInDS Course/Research Work/Presentation/CMInDS Beamer Template/Deck.tex
LaTeX2e <2024-11-01> patch level 2
L3 programming layer <2025-04-14>
(/Users/nachiketapatil/Library/Application Support/MiKTeX/texmfs/install/tex/latex/beamer/beamer.cls
Document Class: beamer 2025/02/04 v3.72 A class for typesetting presentations
(/Users/nachiketapatil/Library/Application Support/MiKTeX/texmfs/install/tex/latex/beamer/beamerbasemodes.sty (/Library/Application Support/MiKTeX/texmfs/install/tex/latex/etoolbox/etoolbox.sty
Package: etoolbox 2025/02/11 v2.5l e-TeX tools for LaTeX (JAW)
\etb@tempcnta=\count272
)
\beamer@tempbox=\box53
\beamer@tempcount=\count273
\c@beamerpauses=\count274
 (/Users/nachiketapatil/Library/Application Support/MiKTeX/texmfs/install/tex/latex/beamer/beamerbasedecode.sty
\beamer@slideinframe=\count275
\beamer@minimum=\count276
\beamer@decode@box=\box54
)
\beamer@commentbox=\box55
\beamer@modecount=\count277
) (/Library/Application Support/MiKTeX/texmfs/install/tex/generic/iftex/iftex.sty
Package: iftex 2024/12/12 v1.0g TeX engine tests
)
\headdp=\dimen146
\footheight=\dimen147
\sidebarheight=\dimen148
\beamer@tempdim=\dimen149
\beamer@finalheight=\dimen150
\beamer@animht=\dimen151
\beamer@animdp=\dimen152
\beamer@animwd=\dimen153
\beamer@leftmargin=\dimen154
\beamer@rightmargin=\dimen155
\beamer@leftsidebar=\dimen156
\beamer@rightsidebar=\dimen157
\beamer@boxsize=\dimen158
\beamer@vboxoffset=\dimen159
\beamer@descdefault=\dimen160
\beamer@descriptionwidth=\dimen161
\beamer@lastskip=\skip49
\beamer@areabox=\box56
\beamer@animcurrent=\box57
\beamer@animshowbox=\box58
\beamer@sectionbox=\box59
\beamer@logobox=\box60
\beamer@linebox=\box61
\beamer@sectioncount=\count278
\beamer@subsubsectionmax=\count279
\beamer@subsectionmax=\count280
\beamer@sectionmax=\count281
\beamer@totalheads=\count282
\beamer@headcounter=\count283
\beamer@partstartpage=\count284
\beamer@sectionstartpage=\count285
\beamer@subsectionstartpage=\count286
\beamer@animationtempa=\count287
\beamer@animationtempb=\count288
\beamer@xpos=\count289
\beamer@ypos=\count290
\beamer@ypos@offset=\count291
\beamer@showpartnumber=\count292
\beamer@currentsubsection=\count293
\beamer@coveringdepth=\count294
\beamer@sectionadjust=\count295
\beamer@toclastsection=\count296
\beamer@tocsectionnumber=\count297
 (/Users/nachiketapatil/Library/Application Support/MiKTeX/texmfs/install/tex/latex/beamer/beamerbaseoptions.sty (/Library/Application Support/MiKTeX/texmfs/install/tex/latex/graphics/keyval.sty
Package: keyval 2022/05/29 v1.15 key=value parser (DPC)
\KV@toks@=\toks17
))
\beamer@paperwidth=\skip50
\beamer@paperheight=\skip51
 (/Users/nachiketapatil/Library/Application Support/MiKTeX/texmfs/install/tex/latex/geometry/geometry.sty
Package: geometry 2020/01/02 v5.9 Page Geometry
 (/Library/Application Support/MiKTeX/texmfs/install/tex/generic/iftex/ifvtex.sty
Package: ifvtex 2019/10/25 v1.7 ifvtex legacy package. Use iftex instead.
)
\Gm@cnth=\count298
\Gm@cntv=\count299
\c@Gm@tempcnt=\count300
\Gm@bindingoffset=\dimen162
\Gm@wd@mp=\dimen163
\Gm@odd@mp=\dimen164
\Gm@even@mp=\dimen165
\Gm@layoutwidth=\dimen166
\Gm@layoutheight=\dimen167
\Gm@layouthoffset=\dimen168
\Gm@layoutvoffset=\dimen169
\Gm@dimlist=\toks18
 (/Users/nachiketapatil/Library/Application Support/MiKTeX/texmfs/install/tex/latex/geometry/geometry.cfg)) (/Library/Application Support/MiKTeX/texmfs/install/tex/latex/pgf/math/pgfmath.sty (/Library/Application Support/MiKTeX/texmfs/install/tex/latex/pgf/utilities/pgfrcs.sty (/Library/Application Support/MiKTeX/texmfs/install/tex/generic/pgf/utilities/pgfutil-common.tex
\pgfutil@everybye=\toks19
\pgfutil@tempdima=\dimen170
\pgfutil@tempdimb=\dimen171
) (/Library/Application Support/MiKTeX/texmfs/install/tex/generic/pgf/utilities/pgfutil-latex.def
\pgfutil@abb=\box62
) (/Library/Application Support/MiKTeX/texmfs/install/tex/generic/pgf/utilities/pgfrcs.code.tex (/Library/Application Support/MiKTeX/texmfs/install/tex/generic/pgf/pgf.revision.tex)
Package: pgfrcs 2023-01-15 v3.1.10 (3.1.10)
)) (/Library/Application Support/MiKTeX/texmfs/install/tex/latex/pgf/utilities/pgfkeys.sty (/Library/Application Support/MiKTeX/texmfs/install/tex/generic/pgf/utilities/pgfkeys.code.tex
\pgfkeys@pathtoks=\toks20
\pgfkeys@temptoks=\toks21
 (/Library/Application Support/MiKTeX/texmfs/install/tex/generic/pgf/utilities/pgfkeyslibraryfiltered.code.tex
\pgfkeys@tmptoks=\toks22
))) (/Library/Application Support/MiKTeX/texmfs/install/tex/generic/pgf/math/pgfmath.code.tex (/Library/Application Support/MiKTeX/texmfs/install/tex/generic/pgf/math/pgfmathutil.code.tex
\pgf@x=\dimen172
\pgf@xa=\dimen173
\pgf@xb=\dimen174
\pgf@xc=\dimen175
\pgf@y=\dimen176
\pgf@ya=\dimen177
\pgf@yb=\dimen178
\pgf@yc=\dimen179
\c@pgf@counta=\count301
\c@pgf@countb=\count302
\c@pgf@countc=\count303
\c@pgf@countd=\count304
) (/Library/Application Support/MiKTeX/texmfs/install/tex/generic/pgf/math/pgfmathparser.code.tex
\pgfmath@dimen=\dimen180
\pgfmath@count=\count305
\pgfmath@box=\box63
\pgfmath@toks=\toks23
\pgfmath@stack@operand=\toks24
\pgfmath@stack@operation=\toks25
) (/Library/Application Support/MiKTeX/texmfs/install/tex/generic/pgf/math/pgfmathfunctions.code.tex) (/Library/Application Support/MiKTeX/texmfs/install/tex/generic/pgf/math/pgfmathfunctions.basic.code.tex) (/Library/Application Support/MiKTeX/texmfs/install/tex/generic/pgf/math/pgfmathfunctions.trigonometric.code.tex) (/Library/Application Support/MiKTeX/texmfs/install/tex/generic/pgf/math/pgfmathfunctions.random.code.tex) (/Library/Application Support/MiKTeX/texmfs/install/tex/generic/pgf/math/pgfmathfunctions.comparison.code.tex) (/Library/Application Support/MiKTeX/texmfs/install/tex/generic/pgf/math/pgfmathfunctions.base.code.tex) (/Library/Application Support/MiKTeX/texmfs/install/tex/generic/pgf/math/pgfmathfunctions.round.code.tex) (/Library/Application Support/MiKTeX/texmfs/install/tex/generic/pgf/math/pgfmathfunctions.misc.code.tex) (/Library/Application Support/MiKTeX/texmfs/install/tex/generic/pgf/math/pgfmathfunctions.integerarithmetics.code.tex) (/Library/Application Support/MiKTeX/texmfs/install/tex/generic/pgf/math/pgfmathcalc.code.tex) (/Library/Application Support/MiKTeX/texmfs/install/tex/generic/pgf/math/pgfmathfloat.code.tex
\c@pgfmathroundto@lastzeros=\count306
))) (/Library/Application Support/MiKTeX/texmfs/install/tex/latex/base/size11.clo
File: size11.clo 2024/06/29 v1.4n Standard LaTeX file (size option)
) (/Library/Application Support/MiKTeX/texmfs/install/tex/latex/pgf/basiclayer/pgfcore.sty (/Library/Application Support/MiKTeX/texmfs/install/tex/latex/graphics/graphicx.sty
Package: graphicx 2021/09/16 v1.2d Enhanced LaTeX Graphics (DPC,SPQR)
 (/Library/Application Support/MiKTeX/texmfs/install/tex/latex/graphics/graphics.sty
Package: graphics 2024/08/06 v1.4g Standard LaTeX Graphics (DPC,SPQR)
 (/Library/Application Support/MiKTeX/texmfs/install/tex/latex/graphics/trig.sty
Package: trig 2023/12/02 v1.11 sin cos tan (DPC)
) (/Library/Application Support/MiKTeX/texmfs/install/tex/latex/graphics-cfg/graphics.cfg
File: graphics.cfg 2016/06/04 v1.11 sample graphics configuration
)
Package graphics Info: Driver file: pdftex.def on input line 106.
 (/Library/Application Support/MiKTeX/texmfs/install/tex/latex/graphics-def/pdftex.def
File: pdftex.def 2024/04/13 v1.2c Graphics/color driver for pdftex
))
\Gin@req@height=\dimen181
\Gin@req@width=\dimen182
) (/Library/Application Support/MiKTeX/texmfs/install/tex/latex/pgf/systemlayer/pgfsys.sty (/Library/Application Support/MiKTeX/texmfs/install/tex/generic/pgf/systemlayer/pgfsys.code.tex
Package: pgfsys 2023-01-15 v3.1.10 (3.1.10)
\pgf@x=\dimen183
\pgf@y=\dimen184
\pgf@xa=\dimen185
\pgf@ya=\dimen186
\pgf@xb=\dimen187
\pgf@yb=\dimen188
\pgf@xc=\dimen189
\pgf@yc=\dimen190
\pgf@xd=\dimen191
\pgf@yd=\dimen192
\w@pgf@writea=\write3
\r@pgf@reada=\read2
\c@pgf@counta=\count307
\c@pgf@countb=\count308
\c@pgf@countc=\count309
\c@pgf@countd=\count310
\t@pgf@toka=\toks26
\t@pgf@tokb=\toks27
\t@pgf@tokc=\toks28
\pgf@sys@id@count=\count311
 (/Library/Application Support/MiKTeX/texmfs/install/tex/generic/pgf/systemlayer/pgf.cfg
File: pgf.cfg 2023-01-15 v3.1.10 (3.1.10)
)
Driver file for pgf: pgfsys-pdftex.def
 (/Library/Application Support/MiKTeX/texmfs/install/tex/generic/pgf/systemlayer/pgfsys-pdftex.def
File: pgfsys-pdftex.def 2023-01-15 v3.1.10 (3.1.10)
 (/Library/Application Support/MiKTeX/texmfs/install/tex/generic/pgf/systemlayer/pgfsys-common-pdf.def
File: pgfsys-common-pdf.def 2023-01-15 v3.1.10 (3.1.10)
))) (/Library/Application Support/MiKTeX/texmfs/install/tex/generic/pgf/systemlayer/pgfsyssoftpath.code.tex
File: pgfsyssoftpath.code.tex 2023-01-15 v3.1.10 (3.1.10)
\pgfsyssoftpath@smallbuffer@items=\count312
\pgfsyssoftpath@bigbuffer@items=\count313
) (/Library/Application Support/MiKTeX/texmfs/install/tex/generic/pgf/systemlayer/pgfsysprotocol.code.tex
File: pgfsysprotocol.code.tex 2023-01-15 v3.1.10 (3.1.10)
)) (/Library/Application Support/MiKTeX/texmfs/install/tex/latex/xcolor/xcolor.sty
Package: xcolor 2024/09/29 v3.02 LaTeX color extensions (UK)
 (/Library/Application Support/MiKTeX/texmfs/install/tex/latex/graphics-cfg/color.cfg
File: color.cfg 2016/01/02 v1.6 sample color configuration
)
Package xcolor Info: Driver file: pdftex.def on input line 274.
 (/Library/Application Support/MiKTeX/texmfs/install/tex/latex/graphics/mathcolor.ltx)
Package xcolor Info: Model `cmy' substituted by `cmy0' on input line 1349.
Package xcolor Info: Model `hsb' substituted by `rgb' on input line 1353.
Package xcolor Info: Model `RGB' extended on input line 1365.
Package xcolor Info: Model `HTML' substituted by `rgb' on input line 1367.
Package xcolor Info: Model `Hsb' substituted by `hsb' on input line 1368.
Package xcolor Info: Model `tHsb' substituted by `hsb' on input line 1369.
Package xcolor Info: Model `HSB' substituted by `hsb' on input line 1370.
Package xcolor Info: Model `Gray' substituted by `gray' on input line 1371.
Package xcolor Info: Model `wave' substituted by `hsb' on input line 1372.
) (/Library/Application Support/MiKTeX/texmfs/install/tex/generic/pgf/basiclayer/pgfcore.code.tex
Package: pgfcore 2023-01-15 v3.1.10 (3.1.10)
 (/Library/Application Support/MiKTeX/texmfs/install/tex/generic/pgf/math/pgfint.code.tex) (/Library/Application Support/MiKTeX/texmfs/install/tex/generic/pgf/basiclayer/pgfcorepoints.code.tex
File: pgfcorepoints.code.tex 2023-01-15 v3.1.10 (3.1.10)
\pgf@picminx=\dimen193
\pgf@picmaxx=\dimen194
\pgf@picminy=\dimen195
\pgf@picmaxy=\dimen196
\pgf@pathminx=\dimen197
\pgf@pathmaxx=\dimen198
\pgf@pathminy=\dimen199
\pgf@pathmaxy=\dimen256
\pgf@xx=\dimen257
\pgf@xy=\dimen258
\pgf@yx=\dimen259
\pgf@yy=\dimen260
\pgf@zx=\dimen261
\pgf@zy=\dimen262
) (/Library/Application Support/MiKTeX/texmfs/install/tex/generic/pgf/basiclayer/pgfcorepathconstruct.code.tex
File: pgfcorepathconstruct.code.tex 2023-01-15 v3.1.10 (3.1.10)
\pgf@path@lastx=\dimen263
\pgf@path@lasty=\dimen264
) (/Library/Application Support/MiKTeX/texmfs/install/tex/generic/pgf/basiclayer/pgfcorepathusage.code.tex
File: pgfcorepathusage.code.tex 2023-01-15 v3.1.10 (3.1.10)
\pgf@shorten@end@additional=\dimen265
\pgf@shorten@start@additional=\dimen266
) (/Library/Application Support/MiKTeX/texmfs/install/tex/generic/pgf/basiclayer/pgfcorescopes.code.tex
File: pgfcorescopes.code.tex 2023-01-15 v3.1.10 (3.1.10)
\pgfpic=\box64
\pgf@hbox=\box65
\pgf@layerbox@main=\box66
\pgf@picture@serial@count=\count314
) (/Library/Application Support/MiKTeX/texmfs/install/tex/generic/pgf/basiclayer/pgfcoregraphicstate.code.tex
File: pgfcoregraphicstate.code.tex 2023-01-15 v3.1.10 (3.1.10)
\pgflinewidth=\dimen267
) (/Library/Application Support/MiKTeX/texmfs/install/tex/generic/pgf/basiclayer/pgfcoretransformations.code.tex
File: pgfcoretransformations.code.tex 2023-01-15 v3.1.10 (3.1.10)
\pgf@pt@x=\dimen268
\pgf@pt@y=\dimen269
\pgf@pt@temp=\dimen270
) (/Library/Application Support/MiKTeX/texmfs/install/tex/generic/pgf/basiclayer/pgfcorequick.code.tex
File: pgfcorequick.code.tex 2023-01-15 v3.1.10 (3.1.10)
) (/Library/Application Support/MiKTeX/texmfs/install/tex/generic/pgf/basiclayer/pgfcoreobjects.code.tex
File: pgfcoreobjects.code.tex 2023-01-15 v3.1.10 (3.1.10)
) (/Library/Application Support/MiKTeX/texmfs/install/tex/generic/pgf/basiclayer/pgfcorepathprocessing.code.tex
File: pgfcorepathprocessing.code.tex 2023-01-15 v3.1.10 (3.1.10)
) (/Library/Application Support/MiKTeX/texmfs/install/tex/generic/pgf/basiclayer/pgfcorearrows.code.tex
File: pgfcorearrows.code.tex 2023-01-15 v3.1.10 (3.1.10)
\pgfarrowsep=\dimen271
) (/Library/Application Support/MiKTeX/texmfs/install/tex/generic/pgf/basiclayer/pgfcoreshade.code.tex
File: pgfcoreshade.code.tex 2023-01-15 v3.1.10 (3.1.10)
\pgf@max=\dimen272
\pgf@sys@shading@range@num=\count315
\pgf@shadingcount=\count316
) (/Library/Application Support/MiKTeX/texmfs/install/tex/generic/pgf/basiclayer/pgfcoreimage.code.tex
File: pgfcoreimage.code.tex 2023-01-15 v3.1.10 (3.1.10)
) (/Library/Application Support/MiKTeX/texmfs/install/tex/generic/pgf/basiclayer/pgfcoreexternal.code.tex
File: pgfcoreexternal.code.tex 2023-01-15 v3.1.10 (3.1.10)
\pgfexternal@startupbox=\box67
) (/Library/Application Support/MiKTeX/texmfs/install/tex/generic/pgf/basiclayer/pgfcorelayers.code.tex
File: pgfcorelayers.code.tex 2023-01-15 v3.1.10 (3.1.10)
) (/Library/Application Support/MiKTeX/texmfs/install/tex/generic/pgf/basiclayer/pgfcoretransparency.code.tex
File: pgfcoretransparency.code.tex 2023-01-15 v3.1.10 (3.1.10)
) (/Library/Application Support/MiKTeX/texmfs/install/tex/generic/pgf/basiclayer/pgfcorepatterns.code.tex
File: pgfcorepatterns.code.tex 2023-01-15 v3.1.10 (3.1.10)
) (/Library/Application Support/MiKTeX/texmfs/install/tex/generic/pgf/basiclayer/pgfcorerdf.code.tex
File: pgfcorerdf.code.tex 2023-01-15 v3.1.10 (3.1.10)
))) (/Library/Application Support/MiKTeX/texmfs/install/tex/latex/pgf/utilities/xxcolor.sty
Package: xxcolor 2003/10/24 ver 0.1
\XC@nummixins=\count317
\XC@countmixins=\count318
) (/Library/Application Support/MiKTeX/texmfs/install/tex/latex/base/atbegshi-ltx.sty
Package: atbegshi-ltx 2021/01/10 v1.0c Emulation of the original atbegshi
package with kernel methods
) (/Library/Application Support/MiKTeX/texmfs/install/tex/latex/hyperref/hyperref.sty
Package: hyperref 2024-11-05 v7.01l Hypertext links for LaTeX
 (/Users/nachiketapatil/Library/Application Support/MiKTeX/texmfs/install/tex/latex/kvsetkeys/kvsetkeys.sty
Package: kvsetkeys 2022-10-05 v1.19 Key value parser (HO)
) (/Users/nachiketapatil/Library/Application Support/MiKTeX/texmfs/install/tex/generic/kvdefinekeys/kvdefinekeys.sty
Package: kvdefinekeys 2019-12-19 v1.6 Define keys (HO)
) (/Users/nachiketapatil/Library/Application Support/MiKTeX/texmfs/install/tex/generic/pdfescape/pdfescape.sty
Package: pdfescape 2019/12/09 v1.15 Implements pdfTeX's escape features (HO)
 (/Users/nachiketapatil/Library/Application Support/MiKTeX/texmfs/install/tex/generic/ltxcmds/ltxcmds.sty
Package: ltxcmds 2023-12-04 v1.26 LaTeX kernel commands for general use (HO)
) (/Library/Application Support/MiKTeX/texmfs/install/tex/generic/pdftexcmds/pdftexcmds.sty
Package: pdftexcmds 2020-06-27 v0.33 Utility functions of pdfTeX for LuaTeX (HO)
 (/Users/nachiketapatil/Library/Application Support/MiKTeX/texmfs/install/tex/generic/infwarerr/infwarerr.sty
Package: infwarerr 2019/12/03 v1.5 Providing info/warning/error messages (HO)
)
Package pdftexcmds Info: \pdf@primitive is available.
Package pdftexcmds Info: \pdf@ifprimitive is available.
Package pdftexcmds Info: \pdfdraftmode found.
)) (/Users/nachiketapatil/Library/Application Support/MiKTeX/texmfs/install/tex/latex/hycolor/hycolor.sty
Package: hycolor 2020-01-27 v1.10 Color options for hyperref/bookmark (HO)
) (/Library/Application Support/MiKTeX/texmfs/install/tex/latex/hyperref/nameref.sty
Package: nameref 2023-11-26 v2.56 Cross-referencing by name of section
 (/Users/nachiketapatil/Library/Application Support/MiKTeX/texmfs/install/tex/latex/refcount/refcount.sty
Package: refcount 2019/12/15 v3.6 Data extraction from label references (HO)
) (/Users/nachiketapatil/Library/Application Support/MiKTeX/texmfs/install/tex/generic/gettitlestring/gettitlestring.sty
Package: gettitlestring 2019/12/15 v1.6 Cleanup title references (HO)
 (/Users/nachiketapatil/Library/Application Support/MiKTeX/texmfs/install/tex/latex/kvoptions/kvoptions.sty
Package: kvoptions 2022-06-15 v3.15 Key value format for package options (HO)
))
\c@section@level=\count319
) (/Users/nachiketapatil/Library/Application Support/MiKTeX/texmfs/install/tex/generic/stringenc/stringenc.sty
Package: stringenc 2019/11/29 v1.12 Convert strings between diff. encodings (HO)
)
\@linkdim=\dimen273
\Hy@linkcounter=\count320
\Hy@pagecounter=\count321
 (/Library/Application Support/MiKTeX/texmfs/install/tex/latex/hyperref/pd1enc.def
File: pd1enc.def 2024-11-05 v7.01l Hyperref: PDFDocEncoding definition (HO)
Now handling font encoding PD1 ...
... no UTF-8 mapping file for font encoding PD1
) (/Users/nachiketapatil/Library/Application Support/MiKTeX/texmfs/install/tex/generic/intcalc/intcalc.sty
Package: intcalc 2019/12/15 v1.3 Expandable calculations with integers (HO)
)
\Hy@SavedSpaceFactor=\count322
 (/Library/Application Support/MiKTeX/texmfs/install/tex/latex/hyperref/puenc.def
File: puenc.def 2024-11-05 v7.01l Hyperref: PDF Unicode definition (HO)
Now handling font encoding PU ...
... no UTF-8 mapping file for font encoding PU
)
Package hyperref Info: Option `bookmarks' set `true' on input line 4040.
Package hyperref Info: Option `bookmarksopen' set `true' on input line 4040.
Package hyperref Info: Option `implicit' set `false' on input line 4040.
Package hyperref Info: Hyper figures OFF on input line 4157.
Package hyperref Info: Link nesting OFF on input line 4162.
Package hyperref Info: Hyper index ON on input line 4165.
Package hyperref Info: Plain pages OFF on input line 4172.
Package hyperref Info: Backreferencing OFF on input line 4177.
Package hyperref Info: Implicit mode OFF; no redefinition of LaTeX internals.
Package hyperref Info: Bookmarks ON on input line 4424.
\c@Hy@tempcnt=\count323
 (/Library/Application Support/MiKTeX/texmfs/install/tex/latex/url/url.sty
\Urlmuskip=\muskip17
Package: url 2013/09/16  ver 3.4  Verb mode for urls, etc.
)
LaTeX Info: Redefining \url on input line 4763.
\XeTeXLinkMargin=\dimen274
 (/Users/nachiketapatil/Library/Application Support/MiKTeX/texmfs/install/tex/generic/bitset/bitset.sty
Package: bitset 2019/12/09 v1.3 Handle bit-vector datatype (HO)
 (/Users/nachiketapatil/Library/Application Support/MiKTeX/texmfs/install/tex/generic/bigintcalc/bigintcalc.sty
Package: bigintcalc 2019/12/15 v1.5 Expandable calculations on big integers (HO)
))
\Fld@menulength=\count324
\Field@Width=\dimen275
\Fld@charsize=\dimen276
Package hyperref Info: Hyper figures OFF on input line 6042.
Package hyperref Info: Link nesting OFF on input line 6047.
Package hyperref Info: Hyper index ON on input line 6050.
Package hyperref Info: backreferencing OFF on input line 6057.
Package hyperref Info: Link coloring OFF on input line 6062.
Package hyperref Info: Link coloring with OCG OFF on input line 6067.
Package hyperref Info: PDF/A mode OFF on input line 6072.
\Hy@abspage=\count325


Package hyperref Message: Stopped early.

)
Package hyperref Info: Driver (autodetected): hpdftex.
 (/Library/Application Support/MiKTeX/texmfs/install/tex/latex/hyperref/hpdftex.def
File: hpdftex.def 2024-11-05 v7.01l Hyperref driver for pdfTeX
 (/Library/Application Support/MiKTeX/texmfs/install/tex/latex/base/atveryend-ltx.sty
Package: atveryend-ltx 2020/08/19 v1.0a Emulation of the original atveryend package
with kernel methods
)
\Fld@listcount=\count326
\c@bookmark@seq@number=\count327
 (/Users/nachiketapatil/Library/Application Support/MiKTeX/texmfs/install/tex/latex/rerunfilecheck/rerunfilecheck.sty
Package: rerunfilecheck 2022-07-10 v1.10 Rerun checks for auxiliary files (HO)
 (/Users/nachiketapatil/Library/Application Support/MiKTeX/texmfs/install/tex/generic/uniquecounter/uniquecounter.sty
Package: uniquecounter 2019/12/15 v1.4 Provide unlimited unique counter (HO)
)
Package uniquecounter Info: New unique counter `rerunfilecheck' on input line 285.
)) (/Users/nachiketapatil/Library/Application Support/MiKTeX/texmfs/install/tex/latex/beamer/beamerbaserequires.sty (/Users/nachiketapatil/Library/Application Support/MiKTeX/texmfs/install/tex/latex/beamer/beamerbasecompatibility.sty) (/Users/nachiketapatil/Library/Application Support/MiKTeX/texmfs/install/tex/latex/beamer/beamerbasefont.sty (/Library/Application Support/MiKTeX/texmfs/install/tex/latex/amsfonts/amssymb.sty
Package: amssymb 2013/01/14 v3.01 AMS font symbols
 (/Library/Application Support/MiKTeX/texmfs/install/tex/latex/amsfonts/amsfonts.sty
Package: amsfonts 2013/01/14 v3.01 Basic AMSFonts support
\@emptytoks=\toks29
\symAMSa=\mathgroup4
\symAMSb=\mathgroup5
LaTeX Font Info:    Redeclaring math symbol \hbar on input line 98.
LaTeX Font Info:    Overwriting math alphabet `\mathfrak' in version `bold'
(Font)                  U/euf/m/n --> U/euf/b/n on input line 106.
)) (/Users/nachiketapatil/Library/Application Support/MiKTeX/texmfs/install/tex/latex/sansmathaccent/sansmathaccent.sty
Package: sansmathaccent 2020/01/31
 (/Users/nachiketapatil/Library/Application Support/MiKTeX/texmfs/install/tex/latex/koma-script/scrlfile.sty
Package: scrlfile 2024/10/24 v3.43 KOMA-Script package (file load hooks)
 (/Users/nachiketapatil/Library/Application Support/MiKTeX/texmfs/install/tex/latex/koma-script/scrlfile-hook.sty
Package: scrlfile-hook 2024/10/24 v3.43 KOMA-Script package (using LaTeX hooks)
 (/Users/nachiketapatil/Library/Application Support/MiKTeX/texmfs/install/tex/latex/koma-script/scrlogo.sty
Package: scrlogo 2024/10/24 v3.43 KOMA-Script package (logo)
))))) (/Users/nachiketapatil/Library/Application Support/MiKTeX/texmfs/install/tex/latex/beamer/beamerbasetranslator.sty (/Users/nachiketapatil/Library/Application Support/MiKTeX/texmfs/install/tex/latex/translator/translator.sty
Package: translator 2021-05-31 v1.12d Easy translation of strings in LaTeX
)) (/Users/nachiketapatil/Library/Application Support/MiKTeX/texmfs/install/tex/latex/beamer/beamerbasemisc.sty) (/Users/nachiketapatil/Library/Application Support/MiKTeX/texmfs/install/tex/latex/beamer/beamerbasetwoscreens.sty) (/Users/nachiketapatil/Library/Application Support/MiKTeX/texmfs/install/tex/latex/beamer/beamerbaseoverlay.sty
\beamer@argscount=\count328
\beamer@lastskipcover=\skip52
\beamer@trivlistdepth=\count329
) (/Users/nachiketapatil/Library/Application Support/MiKTeX/texmfs/install/tex/latex/beamer/beamerbasetitle.sty) (/Users/nachiketapatil/Library/Application Support/MiKTeX/texmfs/install/tex/latex/beamer/beamerbasesection.sty
\c@lecture=\count330
\c@part=\count331
\c@section=\count332
\c@subsection=\count333
\c@subsubsection=\count334
) (/Users/nachiketapatil/Library/Application Support/MiKTeX/texmfs/install/tex/latex/beamer/beamerbaseframe.sty
\beamer@framebox=\box68
\beamer@frametitlebox=\box69
\beamer@zoombox=\box70
\beamer@zoomcount=\count335
\beamer@zoomframecount=\count336
\beamer@frametextheight=\dimen277
\c@subsectionslide=\count337
\beamer@frametopskip=\skip53
\beamer@framebottomskip=\skip54
\beamer@frametopskipautobreak=\skip55
\beamer@framebottomskipautobreak=\skip56
\beamer@envbody=\toks30
\framewidth=\dimen278
\c@framenumber=\count338
) (/Users/nachiketapatil/Library/Application Support/MiKTeX/texmfs/install/tex/latex/beamer/beamerbaseverbatim.sty
\beamer@verbatimfileout=\write4
) (/Users/nachiketapatil/Library/Application Support/MiKTeX/texmfs/install/tex/latex/beamer/beamerbaseframesize.sty
\beamer@splitbox=\box71
\beamer@autobreakcount=\count339
\beamer@autobreaklastheight=\dimen279
\beamer@frametitletoks=\toks31
\beamer@framesubtitletoks=\toks32
) (/Users/nachiketapatil/Library/Application Support/MiKTeX/texmfs/install/tex/latex/beamer/beamerbaseframecomponents.sty
\beamer@footins=\box72
) (/Users/nachiketapatil/Library/Application Support/MiKTeX/texmfs/install/tex/latex/beamer/beamerbasecolor.sty) (/Users/nachiketapatil/Library/Application Support/MiKTeX/texmfs/install/tex/latex/beamer/beamerbasenotes.sty
\beamer@frameboxcopy=\box73
) (/Users/nachiketapatil/Library/Application Support/MiKTeX/texmfs/install/tex/latex/beamer/beamerbasetoc.sty) (/Users/nachiketapatil/Library/Application Support/MiKTeX/texmfs/install/tex/latex/beamer/beamerbasetemplates.sty
\beamer@sbttoks=\toks33
 (/Users/nachiketapatil/Library/Application Support/MiKTeX/texmfs/install/tex/latex/beamer/beamerbaseauxtemplates.sty (/Users/nachiketapatil/Library/Application Support/MiKTeX/texmfs/install/tex/latex/beamer/beamerbaseboxes.sty
\bmb@box=\box74
\bmb@colorbox=\box75
\bmb@boxwidth=\dimen280
\bmb@boxheight=\dimen281
\bmb@prevheight=\dimen282
\bmb@temp=\dimen283
\bmb@dima=\dimen284
\bmb@dimb=\dimen285
\bmb@prevheight=\dimen286
)
\beamer@blockheadheight=\dimen287
)) (/Users/nachiketapatil/Library/Application Support/MiKTeX/texmfs/install/tex/latex/beamer/beamerbaselocalstructure.sty (/Library/Application Support/MiKTeX/texmfs/install/tex/latex/tools/enumerate.sty
Package: enumerate 2023/07/04 v3.00 enumerate extensions (DPC)
\@enLab=\toks34
)
\beamer@bibiconwidth=\skip57
\c@figure=\count340
\c@table=\count341
\abovecaptionskip=\skip58
\belowcaptionskip=\skip59
) (/Users/nachiketapatil/Library/Application Support/MiKTeX/texmfs/install/tex/latex/beamer/beamerbasenavigation.sty (/Users/nachiketapatil/Library/Application Support/MiKTeX/texmfs/install/tex/latex/beamer/beamerbasenavigationsymbols.tex)
\beamer@section@min@dim=\dimen288
) (/Users/nachiketapatil/Library/Application Support/MiKTeX/texmfs/install/tex/latex/beamer/beamerbasetheorems.sty (/Library/Application Support/MiKTeX/texmfs/install/tex/latex/amsmath/amsmath.sty
Package: amsmath 2024/11/05 v2.17t AMS math features
\@mathmargin=\skip60

For additional information on amsmath, use the `?' option.
(/Library/Application Support/MiKTeX/texmfs/install/tex/latex/amsmath/amstext.sty
Package: amstext 2021/08/26 v2.01 AMS text
 (/Library/Application Support/MiKTeX/texmfs/install/tex/latex/amsmath/amsgen.sty
File: amsgen.sty 1999/11/30 v2.0 generic functions
\@emptytoks=\toks35
\ex@=\dimen289
)) (/Library/Application Support/MiKTeX/texmfs/install/tex/latex/amsmath/amsbsy.sty
Package: amsbsy 1999/11/29 v1.2d Bold Symbols
\pmbraise@=\dimen290
) (/Library/Application Support/MiKTeX/texmfs/install/tex/latex/amsmath/amsopn.sty
Package: amsopn 2022/04/08 v2.04 operator names
)
\inf@bad=\count342
LaTeX Info: Redefining \frac on input line 233.
\uproot@=\count343
\leftroot@=\count344
LaTeX Info: Redefining \overline on input line 398.
LaTeX Info: Redefining \colon on input line 409.
\classnum@=\count345
\DOTSCASE@=\count346
LaTeX Info: Redefining \ldots on input line 495.
LaTeX Info: Redefining \dots on input line 498.
LaTeX Info: Redefining \cdots on input line 619.
\Mathstrutbox@=\box76
\strutbox@=\box77
LaTeX Info: Redefining \big on input line 721.
LaTeX Info: Redefining \Big on input line 722.
LaTeX Info: Redefining \bigg on input line 723.
LaTeX Info: Redefining \Bigg on input line 724.
\big@size=\dimen291
LaTeX Font Info:    Redeclaring font encoding OML on input line 742.
LaTeX Font Info:    Redeclaring font encoding OMS on input line 743.
\macc@depth=\count347
LaTeX Info: Redefining \bmod on input line 904.
LaTeX Info: Redefining \pmod on input line 909.
LaTeX Info: Redefining \smash on input line 939.
LaTeX Info: Redefining \relbar on input line 969.
LaTeX Info: Redefining \Relbar on input line 970.
\c@MaxMatrixCols=\count348
\dotsspace@=\muskip18
\c@parentequation=\count349
\dspbrk@lvl=\count350
\tag@help=\toks36
\row@=\count351
\column@=\count352
\maxfields@=\count353
\andhelp@=\toks37
\eqnshift@=\dimen292
\alignsep@=\dimen293
\tagshift@=\dimen294
\tagwidth@=\dimen295
\totwidth@=\dimen296
\lineht@=\dimen297
\@envbody=\toks38
\multlinegap=\skip61
\multlinetaggap=\skip62
\mathdisplay@stack=\toks39
LaTeX Info: Redefining \[ on input line 2953.
LaTeX Info: Redefining \] on input line 2954.
) (/Users/nachiketapatil/Library/Application Support/MiKTeX/texmfs/install/tex/latex/amscls/amsthm.sty
Package: amsthm 2020/05/29 v2.20.6
\thm@style=\toks40
\thm@bodyfont=\toks41
\thm@headfont=\toks42
\thm@notefont=\toks43
\thm@headpunct=\toks44
\thm@preskip=\skip63
\thm@postskip=\skip64
\thm@headsep=\skip65
\dth@everypar=\toks45
)
\c@theorem=\count354
) (/Users/nachiketapatil/Library/Application Support/MiKTeX/texmfs/install/tex/latex/beamer/beamerbasethemes.sty)) (/Users/nachiketapatil/Library/Application Support/MiKTeX/texmfs/install/tex/latex/beamer/beamerthemedefault.sty (/Users/nachiketapatil/Library/Application Support/MiKTeX/texmfs/install/tex/latex/beamer/beamerfontthemedefault.sty) (/Users/nachiketapatil/Library/Application Support/MiKTeX/texmfs/install/tex/latex/beamer/beamercolorthemedefault.sty) (/Users/nachiketapatil/Library/Application Support/MiKTeX/texmfs/install/tex/latex/beamer/beamerinnerthemedefault.sty
\beamer@dima=\dimen298
\beamer@dimb=\dimen299
) (/Users/nachiketapatil/Library/Application Support/MiKTeX/texmfs/install/tex/latex/beamer/beamerouterthemedefault.sty))) (Theme/Packages.tex (/Library/Application Support/MiKTeX/texmfs/install/tex/latex/base/inputenc.sty
Package: inputenc 2024/02/08 v1.3d Input encoding file
\inpenc@prehook=\toks46
\inpenc@posthook=\toks47
) (/Library/Application Support/MiKTeX/texmfs/install/tex/latex/pgf/frontendlayer/tikz.sty (/Library/Application Support/MiKTeX/texmfs/install/tex/latex/pgf/basiclayer/pgf.sty
Package: pgf 2023-01-15 v3.1.10 (3.1.10)
 (/Library/Application Support/MiKTeX/texmfs/install/tex/generic/pgf/modules/pgfmoduleshapes.code.tex
File: pgfmoduleshapes.code.tex 2023-01-15 v3.1.10 (3.1.10)
\pgfnodeparttextbox=\box78
) (/Library/Application Support/MiKTeX/texmfs/install/tex/generic/pgf/modules/pgfmoduleplot.code.tex
File: pgfmoduleplot.code.tex 2023-01-15 v3.1.10 (3.1.10)
) (/Library/Application Support/MiKTeX/texmfs/install/tex/latex/pgf/compatibility/pgfcomp-version-0-65.sty
Package: pgfcomp-version-0-65 2023-01-15 v3.1.10 (3.1.10)
\pgf@nodesepstart=\dimen300
\pgf@nodesepend=\dimen301
) (/Library/Application Support/MiKTeX/texmfs/install/tex/latex/pgf/compatibility/pgfcomp-version-1-18.sty
Package: pgfcomp-version-1-18 2023-01-15 v3.1.10 (3.1.10)
)) (/Library/Application Support/MiKTeX/texmfs/install/tex/latex/pgf/utilities/pgffor.sty (/Library/Application Support/MiKTeX/texmfs/install/tex/generic/pgf/utilities/pgffor.code.tex
Package: pgffor 2023-01-15 v3.1.10 (3.1.10)
\pgffor@iter=\dimen302
\pgffor@skip=\dimen303
\pgffor@stack=\toks48
\pgffor@toks=\toks49
)) (/Library/Application Support/MiKTeX/texmfs/install/tex/generic/pgf/frontendlayer/tikz/tikz.code.tex
Package: tikz 2023-01-15 v3.1.10 (3.1.10)
 (/Library/Application Support/MiKTeX/texmfs/install/tex/generic/pgf/libraries/pgflibraryplothandlers.code.tex
File: pgflibraryplothandlers.code.tex 2023-01-15 v3.1.10 (3.1.10)
\pgf@plot@mark@count=\count355
\pgfplotmarksize=\dimen304
)
\tikz@lastx=\dimen305
\tikz@lasty=\dimen306
\tikz@lastxsaved=\dimen307
\tikz@lastysaved=\dimen308
\tikz@lastmovetox=\dimen309
\tikz@lastmovetoy=\dimen310
\tikzleveldistance=\dimen311
\tikzsiblingdistance=\dimen312
\tikz@figbox=\box79
\tikz@figbox@bg=\box80
\tikz@tempbox=\box81
\tikz@tempbox@bg=\box82
\tikztreelevel=\count356
\tikznumberofchildren=\count357
\tikznumberofcurrentchild=\count358
\tikz@fig@count=\count359
 (/Library/Application Support/MiKTeX/texmfs/install/tex/generic/pgf/modules/pgfmodulematrix.code.tex
File: pgfmodulematrix.code.tex 2023-01-15 v3.1.10 (3.1.10)
\pgfmatrixcurrentrow=\count360
\pgfmatrixcurrentcolumn=\count361
\pgf@matrix@numberofcolumns=\count362
)
\tikz@expandcount=\count363
 (/Library/Application Support/MiKTeX/texmfs/install/tex/generic/pgf/frontendlayer/tikz/libraries/tikzlibrarytopaths.code.tex
File: tikzlibrarytopaths.code.tex 2023-01-15 v3.1.10 (3.1.10)
))) (/Library/Application Support/MiKTeX/texmfs/install/tex/generic/pgf/frontendlayer/tikz/libraries/tikzlibrarypositioning.code.tex
File: tikzlibrarypositioning.code.tex 2023-01-15 v3.1.10 (3.1.10)
) (/Library/Application Support/MiKTeX/texmfs/install/tex/generic/pgf/frontendlayer/tikz/libraries/tikzlibrarycalc.code.tex
File: tikzlibrarycalc.code.tex 2023-01-15 v3.1.10 (3.1.10)
) (/Library/Application Support/MiKTeX/texmfs/install/tex/latex/listings/listings.sty
\lst@mode=\count364
\lst@gtempboxa=\box83
\lst@token=\toks50
\lst@length=\count365
\lst@currlwidth=\dimen313
\lst@column=\count366
\lst@pos=\count367
\lst@lostspace=\dimen314
\lst@width=\dimen315
\lst@newlines=\count368
\lst@lineno=\count369
\lst@maxwidth=\dimen316
 (/Library/Application Support/MiKTeX/texmfs/install/tex/latex/listings/lstpatch.sty
File: lstpatch.sty 2024/09/23 1.10c (Carsten Heinz)
) (/Library/Application Support/MiKTeX/texmfs/install/tex/latex/listings/lstmisc.sty
File: lstmisc.sty 2024/09/23 1.10c (Carsten Heinz)
\c@lstnumber=\count370
\lst@skipnumbers=\count371
\lst@framebox=\box84
) (/Library/Application Support/MiKTeX/texmfs/install/tex/latex/listings/listings.cfg
File: listings.cfg 2024/09/23 1.10c listings configuration
))
Package: listings 2024/09/23 1.10c (Carsten Heinz)
 (/Users/nachiketapatil/Library/Application Support/MiKTeX/texmfs/install/tex/latex/fontawesome/fontawesome.sty
Package: fontawesome 2016/05/15 v4.6.3.1 font awesome icons
 (/Library/Application Support/MiKTeX/texmfs/install/tex/generic/iftex/ifxetex.sty
Package: ifxetex 2019/10/25 v0.7 ifxetex legacy package. Use iftex instead.
) (/Library/Application Support/MiKTeX/texmfs/install/tex/generic/iftex/ifluatex.sty
Package: ifluatex 2019/10/25 v1.5 ifluatex legacy package. Use iftex instead.
) (/Users/nachiketapatil/Library/Application Support/MiKTeX/texmfs/install/tex/latex/fontawesome/fontawesomesymbols-generic.tex) (/Users/nachiketapatil/Library/Application Support/MiKTeX/texmfs/install/tex/latex/fontawesome/fontawesomesymbols-pdftex.tex)) (/Users/nachiketapatil/Library/Application Support/MiKTeX/texmfs/install/tex/latex/caption/caption.sty
Package: caption 2023/08/05 v3.6o Customizing captions (AR)
 (/Users/nachiketapatil/Library/Application Support/MiKTeX/texmfs/install/tex/latex/caption/caption3.sty
Package: caption3 2023/07/31 v2.4d caption3 kernel (AR)
\caption@tempdima=\dimen317
\captionmargin=\dimen318
\caption@leftmargin=\dimen319
\caption@rightmargin=\dimen320
\caption@width=\dimen321
\caption@indent=\dimen322
\caption@parindent=\dimen323
\caption@hangindent=\dimen324
Package caption Info: beamer document class detected.
 (/Users/nachiketapatil/Library/Application Support/MiKTeX/texmfs/install/tex/latex/caption/caption-beamer.sto
File: caption-beamer.sto 2022/01/06 v2.0c Adaption of the caption package to the beamer document classes (AR)
))
\c@caption@flags=\count372
\c@continuedfloat=\count373
Package caption Info: hyperref package is loaded.
Package caption Info: Hyperref support is turned off
(caption)             because hyperref has stopped early.
Package caption Info: listings package is loaded.
) (/Users/nachiketapatil/Library/Application Support/MiKTeX/texmfs/install/tex/latex/makecell/makecell.sty
Package: makecell 2009/08/03 V0.1e Managing of Tab Column Heads and Cells
 (/Library/Application Support/MiKTeX/texmfs/install/tex/latex/tools/array.sty
Package: array 2024/10/17 v2.6g Tabular extension package (FMi)
\col@sep=\dimen325
\ar@mcellbox=\box85
\extrarowheight=\dimen326
\NC@list=\toks51
\extratabsurround=\skip66
\backup@length=\skip67
\ar@cellbox=\box86
)
\rotheadsize=\dimen327
\c@nlinenum=\count374
\TeXr@lab=\toks52
) (/Users/nachiketapatil/Library/Application Support/MiKTeX/texmfs/install/tex/latex/adjustbox/adjustbox.sty
Package: adjustbox 2025/02/26 v1.3c Adjusting TeX boxes (trim, clip, ...)
 (/Library/Application Support/MiKTeX/texmfs/install/tex/latex/xkeyval/xkeyval.sty
Package: xkeyval 2022/06/16 v2.9 package option processing (HA)
 (/Library/Application Support/MiKTeX/texmfs/install/tex/generic/xkeyval/xkeyval.tex (/Library/Application Support/MiKTeX/texmfs/install/tex/generic/xkeyval/xkvutils.tex
\XKV@toks=\toks53
\XKV@tempa@toks=\toks54
)
\XKV@depth=\count375
File: xkeyval.tex 2014/12/03 v2.7a key=value parser (HA)
)) (/Users/nachiketapatil/Library/Application Support/MiKTeX/texmfs/install/tex/latex/adjustbox/adjcalc.sty
Package: adjcalc 2012/05/16 v1.1 Provides advanced setlength with multiple back-ends (calc, etex, pgfmath)
) (/Users/nachiketapatil/Library/Application Support/MiKTeX/texmfs/install/tex/latex/adjustbox/trimclip.sty
Package: trimclip 2025/02/21 v1.2a Trim and clip general TeX material
 (/Users/nachiketapatil/Library/Application Support/MiKTeX/texmfs/install/tex/latex/collectbox/collectbox.sty
Package: collectbox 2022/10/17 v0.4c Collect macro arguments as boxes
\collectedbox=\box87
)
\tc@llx=\dimen328
\tc@lly=\dimen329
\tc@urx=\dimen330
\tc@ury=\dimen331
Package trimclip Info: Using driver 'tc-pdftex.def'.
 (/Users/nachiketapatil/Library/Application Support/MiKTeX/texmfs/install/tex/latex/adjustbox/tc-pdftex.def
File: tc-pdftex.def 2025/02/26 v2.3 Clipping driver for pdftex
))
\adjbox@Width=\dimen332
\adjbox@Height=\dimen333
\adjbox@Depth=\dimen334
\adjbox@Totalheight=\dimen335
\adjbox@pwidth=\dimen336
\adjbox@pheight=\dimen337
\adjbox@pdepth=\dimen338
\adjbox@ptotalheight=\dimen339
 (/Users/nachiketapatil/Library/Application Support/MiKTeX/texmfs/install/tex/latex/ifoddpage/ifoddpage.sty
Package: ifoddpage 2022/10/18 v1.2 Conditionals for odd/even page detection
\c@checkoddpage=\count376
) (/Users/nachiketapatil/Library/Application Support/MiKTeX/texmfs/install/tex/latex/varwidth/varwidth.sty
Package: varwidth 2009/03/30 ver 0.92;  Variable-width minipages
\@vwid@box=\box88
\sift@deathcycles=\count377
\@vwid@loff=\dimen340
\@vwid@roff=\dimen341
)) (/Users/nachiketapatil/Library/Application Support/MiKTeX/texmfs/install/tex/latex/multirow/multirow.sty
Package: multirow 2024/11/12 v2.9 Span multiple rows of a table
\multirow@colwidth=\skip68
\multirow@cntb=\count378
\multirow@dima=\skip69
\bigstrutjot=\dimen342
) (/Library/Application Support/MiKTeX/texmfs/install/tex/latex/tools/multicol.sty
Package: multicol 2024/09/14 v1.9i multicolumn formatting (FMi)
\c@tracingmulticols=\count379
\mult@box=\box89
\multicol@leftmargin=\dimen343
\c@unbalance=\count380
\c@collectmore=\count381
\doublecol@number=\count382
\multicoltolerance=\count383
\multicolpretolerance=\count384
\full@width=\dimen344
\page@free=\dimen345
\premulticols=\dimen346
\postmulticols=\dimen347
\multicolsep=\skip70
\multicolbaselineskip=\skip71
\partial@page=\box90
\last@line=\box91
\mc@boxedresult=\box92
\maxbalancingoverflow=\dimen348
\mult@rightbox=\box93
\mult@grightbox=\box94
\mult@firstbox=\box95
\mult@gfirstbox=\box96
\@tempa=\box97
\@tempa=\box98
\@tempa=\box99
\@tempa=\box100
\@tempa=\box101
\@tempa=\box102
\@tempa=\box103
\@tempa=\box104
\@tempa=\box105
\@tempa=\box106
\@tempa=\box107
\@tempa=\box108
\@tempa=\box109
\@tempa=\box110
\@tempa=\box111
\@tempa=\box112
\@tempa=\box113
\@tempa=\box114
\@tempa=\box115
\@tempa=\box116
\@tempa=\box117
\@tempa=\box118
\@tempa=\box119
\@tempa=\box120
\@tempa=\box121
\@tempa=\box122
\@tempa=\box123
\@tempa=\box124
\@tempa=\box125
\@tempa=\box126
\@tempa=\box127
\@tempa=\box128
\@tempa=\box129
\@tempa=\box130
\@tempa=\box131
\@tempa=\box132
\c@minrows=\count385
\c@columnbadness=\count386
\c@finalcolumnbadness=\count387
\last@try=\dimen349
\multicolovershoot=\dimen350
\multicolundershoot=\dimen351
\mult@nat@firstbox=\box133
\colbreak@box=\box134
\mc@col@check@num=\count388
) (/Library/Application Support/MiKTeX/texmfs/install/tex/latex/tools/xspace.sty
Package: xspace 2014/10/28 v1.13 Space after command names (DPC,MH)
) (/Users/nachiketapatil/Library/Application Support/MiKTeX/texmfs/install/tex/latex/booktabs/booktabs.sty
Package: booktabs 2020/01/12 v1.61803398 Publication quality tables
\heavyrulewidth=\dimen352
\lightrulewidth=\dimen353
\cmidrulewidth=\dimen354
\belowrulesep=\dimen355
\belowbottomsep=\dimen356
\aboverulesep=\dimen357
\abovetopsep=\dimen358
\cmidrulesep=\dimen359
\cmidrulekern=\dimen360
\defaultaddspace=\dimen361
\@cmidla=\count389
\@cmidlb=\count390
\@aboverulesep=\dimen362
\@belowrulesep=\dimen363
\@thisruleclass=\count391
\@lastruleclass=\count392
\@thisrulewidth=\dimen364
) (/Users/nachiketapatil/Library/Application Support/MiKTeX/texmfs/install/tex/latex/pgfgantt/pgfgantt.sty
Package: pgfgantt 2024/06/19 v5.0a Draw Gantt diagrams with TikZ
 (/Library/Application Support/MiKTeX/texmfs/install/tex/generic/pgf/frontendlayer/tikz/libraries/tikzlibraryarrows.code.tex
File: tikzlibraryarrows.code.tex 2023-01-15 v3.1.10 (3.1.10)
 (/Library/Application Support/MiKTeX/texmfs/install/tex/generic/pgf/libraries/pgflibraryarrows.code.tex
File: pgflibraryarrows.code.tex 2023-01-15 v3.1.10 (3.1.10)
\arrowsize=\dimen365
)) (/Library/Application Support/MiKTeX/texmfs/install/tex/generic/pgf/frontendlayer/tikz/libraries/tikzlibrarybackgrounds.code.tex
File: tikzlibrarybackgrounds.code.tex 2023-01-15 v3.1.10 (3.1.10)
\pgf@layerbox@background=\box135
\pgf@layerboxsaved@background=\box136
) (/Library/Application Support/MiKTeX/texmfs/install/tex/generic/pgf/frontendlayer/tikz/libraries/tikzlibrarypatterns.code.tex
File: tikzlibrarypatterns.code.tex 2023-01-15 v3.1.10 (3.1.10)
 (/Library/Application Support/MiKTeX/texmfs/install/tex/generic/pgf/libraries/pgflibrarypatterns.code.tex
File: pgflibrarypatterns.code.tex 2023-01-15 v3.1.10 (3.1.10)
)) (/Library/Application Support/MiKTeX/texmfs/install/tex/generic/pgf/frontendlayer/tikz/libraries/tikzlibraryshapes.geometric.code.tex
File: tikzlibraryshapes.geometric.code.tex 2023-01-15 v3.1.10 (3.1.10)
 (/Library/Application Support/MiKTeX/texmfs/install/tex/generic/pgf/libraries/shapes/pgflibraryshapes.geometric.code.tex
File: pgflibraryshapes.geometric.code.tex 2023-01-15 v3.1.10 (3.1.10)
)) (/Library/Application Support/MiKTeX/texmfs/install/tex/latex/pgf/utilities/pgfcalendar.sty (/Library/Application Support/MiKTeX/texmfs/install/tex/generic/pgf/utilities/pgfcalendar.code.tex
File: pgfcalendar.code.tex 2023-01-15 v3.1.10 (3.1.10)
\pgfcalendarcurrentjulian=\count393
\pgf@cal@easter@Y=\count394
\pgf@cal@easter@G=\count395
\pgf@cal@easter@C=\count396
\pgf@cal@easter@X=\count397
\pgf@cal@easter@Z=\count398
\pgf@cal@easter@D=\count399
\pgf@cal@easter@E=\count400
\pgf@cal@easter@N=\count401
\pgf@cal@easter@M=\count402
\pgf@cal@easter@julianday=\count403
))
\gtt@currentline=\count404
\gtt@lasttitleline=\count405
\gtt@currgrid=\count406
\gtt@chartwidth=\count407
\gtt@lasttitleslot=\count408
\gtt@elementid=\count409
\gtt@today@slot=\count410
\gtt@startjulian=\count411
\gtt@endjulian=\count412
\gtt@chartid=\count413
\gtt@vrule@slot=\count414
\gtt@calendar@slots=\count415
\gtt@calendar@weeknumber=\count416
\gtt@calendar@startofweek=\count417
\gtt@left@slot=\count418
\gtt@right@slot=\count419
) (/Library/Application Support/MiKTeX/texmfs/install/tex/latex/listings/lstlang1.sty
File: lstlang1.sty 2024/09/23 1.10c listings language file
)) (beamerthemeoxonian.sty
Package: beamerthemeoxonian 
 (beamerfontthemeoxonian.sty
Package: beamerfontthemeoxonian 
 (/Users/nachiketapatil/Library/Application Support/MiKTeX/texmfs/install/tex/latex/beamer/beamerfontthemeserif.sty)) (beamercolorthemeoxonian.sty
Package: beamercolorthemeoxonian 
) (beamerinnerthemeoxonian.sty
Package: beamerinnerthemeoxonian 
) (beamerouterthemeoxonian.sty
Package: beamerouterthemeoxonian 
))

Package hyperref Warning: Token not allowed in a PDF string (Unicode):
(hyperref)                removing `\newline' on input line 32.


Package hyperref Warning: Token not allowed in a PDF string (Unicode):
(hyperref)                removing `\newline' on input line 32.


Package hyperref Warning: Token not allowed in a PDF string (Unicode):
(hyperref)                removing `\new@ifnextchar' on input line 32.

(/Library/Application Support/MiKTeX/texmfs/install/tex/latex/l3backend/l3backend-pdftex.def
File: l3backend-pdftex.def 2025-04-14 L3 backend support: PDF output (pdfTeX)
\l__color_backend_stack_int=\count420
) (Deck.aux)
\openout1 = `Deck.aux'.

LaTeX Font Info:    Checking defaults for OML/cmm/m/it on input line 38.
LaTeX Font Info:    ... okay on input line 38.
LaTeX Font Info:    Checking defaults for OMS/cmsy/m/n on input line 38.
LaTeX Font Info:    ... okay on input line 38.
LaTeX Font Info:    Checking defaults for OT1/cmr/m/n on input line 38.
LaTeX Font Info:    ... okay on input line 38.
LaTeX Font Info:    Checking defaults for T1/cmr/m/n on input line 38.
LaTeX Font Info:    ... okay on input line 38.
LaTeX Font Info:    Checking defaults for TS1/cmr/m/n on input line 38.
LaTeX Font Info:    ... okay on input line 38.
LaTeX Font Info:    Checking defaults for OMX/cmex/m/n on input line 38.
LaTeX Font Info:    ... okay on input line 38.
LaTeX Font Info:    Checking defaults for U/cmr/m/n on input line 38.
LaTeX Font Info:    ... okay on input line 38.
LaTeX Font Info:    Checking defaults for PD1/pdf/m/n on input line 38.
LaTeX Font Info:    ... okay on input line 38.
LaTeX Font Info:    Checking defaults for PU/pdf/m/n on input line 38.
LaTeX Font Info:    ... okay on input line 38.

*geometry* driver: auto-detecting
*geometry* detected driver: pdftex
*geometry* verbose mode - [ preamble ] result:
* driver: pdftex
* paper: custom
* layout: <same size as paper>
* layoutoffset:(h,v)=(0.0pt,0.0pt)
* modes: includehead includefoot 
* h-part:(L,W,R)=(28.45274pt, 398.3386pt, 28.45274pt)
* v-part:(T,H,B)=(0.0pt, 256.0748pt, 0.0pt)
* \paperwidth=455.24408pt
* \paperheight=256.0748pt
* \textwidth=398.3386pt
* \textheight=227.62207pt
* \oddsidemargin=-43.81725pt
* \evensidemargin=-43.81725pt
* \topmargin=-72.26999pt
* \headheight=14.22636pt
* \headsep=0.0pt
* \topskip=11.0pt
* \footskip=14.22636pt
* \marginparwidth=4.0pt
* \marginparsep=10.0pt
* \columnsep=10.0pt
* \skip\footins=10.0pt plus 4.0pt minus 2.0pt
* \hoffset=0.0pt
* \voffset=0.0pt
* \mag=1000
* \@twocolumnfalse
* \@twosidefalse
* \@mparswitchfalse
* \@reversemarginfalse
* (1in=72.27pt=25.4mm, 1cm=28.453pt)

(/Library/Application Support/MiKTeX/texmfs/install/tex/context/base/mkii/supp-pdf.mkii
[Loading MPS to PDF converter (version 2006.09.02).]
\scratchcounter=\count421
\scratchdimen=\dimen366
\scratchbox=\box137
\nofMPsegments=\count422
\nofMParguments=\count423
\everyMPshowfont=\toks55
\MPscratchCnt=\count424
\MPscratchDim=\dimen367
\MPnumerator=\count425
\makeMPintoPDFobject=\count426
\everyMPtoPDFconversion=\toks56
) (/Library/Application Support/MiKTeX/texmfs/install/tex/latex/epstopdf-pkg/epstopdf-base.sty
Package: epstopdf-base 2020-01-24 v2.11 Base part for package epstopdf
Package epstopdf-base Info: Redefining graphics rule for `.eps' on input line 485.
 (/Library/Application Support/MiKTeX/texmfs/install/tex/latex/00miktex/epstopdf-sys.cfg
File: epstopdf-sys.cfg 2021/03/18 v2.0 Configuration of epstopdf for MiKTeX
))
Package hyperref Info: Link coloring OFF on input line 38.
 (Deck.out) (Deck.out)
\@outlinefile=\write5
\openout5 = `Deck.out'.

 (/Users/nachiketapatil/Library/Application Support/MiKTeX/texmfs/install/tex/latex/translator/translator-basic-dictionary-English.dict
Dictionary: translator-basic-dictionary, Language: English 
) (/Users/nachiketapatil/Library/Application Support/MiKTeX/texmfs/install/tex/latex/translator/translator-bibliography-dictionary-English.dict
Dictionary: translator-bibliography-dictionary, Language: English 
) (/Users/nachiketapatil/Library/Application Support/MiKTeX/texmfs/install/tex/latex/translator/translator-environment-dictionary-English.dict
Dictionary: translator-environment-dictionary, Language: English 
) (/Users/nachiketapatil/Library/Application Support/MiKTeX/texmfs/install/tex/latex/translator/translator-months-dictionary-English.dict
Dictionary: translator-months-dictionary, Language: English 
) (/Users/nachiketapatil/Library/Application Support/MiKTeX/texmfs/install/tex/latex/translator/translator-numbers-dictionary-English.dict
Dictionary: translator-numbers-dictionary, Language: English 
) (/Users/nachiketapatil/Library/Application Support/MiKTeX/texmfs/install/tex/latex/translator/translator-theorem-dictionary-English.dict
Dictionary: translator-theorem-dictionary, Language: English 
)
\c@lstlisting=\count427
Package caption Info: Begin \AtBeginDocument code.
Package caption Info: End \AtBeginDocument code.
 (Deck.nav)
<Theme/Logos/footerlogo.png, id=64, 1213.53375pt x 416.55624pt>
File: Theme/Logos/footerlogo.png Graphic file (type png)
<use Theme/Logos/footerlogo.png>
Package pdftex.def Info: Theme/Logos/footerlogo.png  used on input line 38.
(pdftex.def)             Requested size: 45.52718pt x 15.62335pt.
<Theme/Logos/cminds_iitb_logo.png, id=66, 557.6835pt x 184.7703pt>
File: Theme/Logos/cminds_iitb_logo.png Graphic file (type png)
<use Theme/Logos/cminds_iitb_logo.png>
Package pdftex.def Info: Theme/Logos/cminds_iitb_logo.png  used on input line 41.
(pdftex.def)             Requested size: 142.26378pt x 47.13412pt.


[1

{/Users/nachiketapatil/Library/Application Support/MiKTeX/texmfs/data/fonts/map/pdftex/pdftex.map} <./Theme/Logos/cminds_iitb_logo.png>]
File: Theme/Logos/footerlogo.png Graphic file (type png)
<use Theme/Logos/footerlogo.png>
Package pdftex.def Info: Theme/Logos/footerlogo.png  used on input line 48.
(pdftex.def)             Requested size: 45.52718pt x 15.62335pt.
 (Deck.toc)

File: Theme/Logos/footerlogo.png Graphic file (type png)
<use Theme/Logos/footerlogo.png>
Package pdftex.def Info: Theme/Logos/footerlogo.png  used on input line 48.
(pdftex.def)             Requested size: 45.52718pt x 15.62335pt.
[2

 <./Theme/Logos/footerlogo.png>]
File: Theme/Logos/footerlogo.png Graphic file (type png)
<use Theme/Logos/footerlogo.png>
Package pdftex.def Info: Theme/Logos/footerlogo.png  used on input line 62.
(pdftex.def)             Requested size: 45.52718pt x 15.62335pt.


[3

]
File: Theme/Logos/footerlogo.png Graphic file (type png)
<use Theme/Logos/footerlogo.png>
Package pdftex.def Info: Theme/Logos/footerlogo.png  used on input line 76.
(pdftex.def)             Requested size: 45.52718pt x 15.62335pt.
LaTeX Font Info:    Trying to load font information for U+msa on input line 76.
 (/Library/Application Support/MiKTeX/texmfs/install/tex/latex/amsfonts/umsa.fd
File: umsa.fd 2013/01/14 v3.01 AMS symbols A
)
LaTeX Font Info:    Trying to load font information for U+msb on input line 76.
 (/Library/Application Support/MiKTeX/texmfs/install/tex/latex/amsfonts/umsb.fd
File: umsb.fd 2013/01/14 v3.01 AMS symbols B
)

File: Theme/Logos/footerlogo.png Graphic file (type png)
<use Theme/Logos/footerlogo.png>
Package pdftex.def Info: Theme/Logos/footerlogo.png  used on input line 76.
(pdftex.def)             Requested size: 45.52718pt x 15.62335pt.
[4

]
File: Theme/Logos/footerlogo.png Graphic file (type png)
<use Theme/Logos/footerlogo.png>
Package pdftex.def Info: Theme/Logos/footerlogo.png  used on input line 89.
(pdftex.def)             Requested size: 45.52718pt x 15.62335pt.


File: Theme/Logos/footerlogo.png Graphic file (type png)
<use Theme/Logos/footerlogo.png>
Package pdftex.def Info: Theme/Logos/footerlogo.png  used on input line 89.
(pdftex.def)             Requested size: 45.52718pt x 15.62335pt.
[5

]
File: Theme/Logos/footerlogo.png Graphic file (type png)
<use Theme/Logos/footerlogo.png>
Package pdftex.def Info: Theme/Logos/footerlogo.png  used on input line 104.
(pdftex.def)             Requested size: 45.52718pt x 15.62335pt.


[6

]
File: Theme/Logos/footerlogo.png Graphic file (type png)
<use Theme/Logos/footerlogo.png>
Package pdftex.def Info: Theme/Logos/footerlogo.png  used on input line 113.
(pdftex.def)             Requested size: 45.52718pt x 15.62335pt.
 (images/flowchart.tex)

File: Theme/Logos/footerlogo.png Graphic file (type png)
<use Theme/Logos/footerlogo.png>
Package pdftex.def Info: Theme/Logos/footerlogo.png  used on input line 113.
(pdftex.def)             Requested size: 45.52718pt x 15.62335pt.
[7

]
File: Theme/Logos/footerlogo.png Graphic file (type png)
<use Theme/Logos/footerlogo.png>
Package pdftex.def Info: Theme/Logos/footerlogo.png  used on input line 136.
(pdftex.def)             Requested size: 45.52718pt x 15.62335pt.
<images/boxplot.png, id=142, 456.84964pt x 141.52875pt>
File: images/boxplot.png Graphic file (type png)
<use images/boxplot.png>
Package pdftex.def Info: images/boxplot.png  used on input line 136.
(pdftex.def)             Requested size: 159.333pt x 49.35872pt.


File: Theme/Logos/footerlogo.png Graphic file (type png)
<use Theme/Logos/footerlogo.png>
Package pdftex.def Info: Theme/Logos/footerlogo.png  used on input line 136.
(pdftex.def)             Requested size: 45.52718pt x 15.62335pt.
[8

 <./images/boxplot.png>]
File: Theme/Logos/footerlogo.png Graphic file (type png)
<use Theme/Logos/footerlogo.png>
Package pdftex.def Info: Theme/Logos/footerlogo.png  used on input line 150.
(pdftex.def)             Requested size: 45.52718pt x 15.62335pt.


[9

]
File: Theme/Logos/footerlogo.png Graphic file (type png)
<use Theme/Logos/footerlogo.png>
Package pdftex.def Info: Theme/Logos/footerlogo.png  used on input line 160.
(pdftex.def)             Requested size: 45.52718pt x 15.62335pt.
 (tables/table1.tex)

File: Theme/Logos/footerlogo.png Graphic file (type png)
<use Theme/Logos/footerlogo.png>
Package pdftex.def Info: Theme/Logos/footerlogo.png  used on input line 160.
(pdftex.def)             Requested size: 45.52718pt x 15.62335pt.
[10

]
File: Theme/Logos/footerlogo.png Graphic file (type png)
<use Theme/Logos/footerlogo.png>
Package pdftex.def Info: Theme/Logos/footerlogo.png  used on input line 175.
(pdftex.def)             Requested size: 45.52718pt x 15.62335pt.


[11

]
File: Theme/Logos/footerlogo.png Graphic file (type png)
<use Theme/Logos/footerlogo.png>
Package pdftex.def Info: Theme/Logos/footerlogo.png  used on input line 184.
(pdftex.def)             Requested size: 45.52718pt x 15.62335pt.
 (tables/table2.tex)

File: Theme/Logos/footerlogo.png Graphic file (type png)
<use Theme/Logos/footerlogo.png>
Package pdftex.def Info: Theme/Logos/footerlogo.png  used on input line 184.
(pdftex.def)             Requested size: 45.52718pt x 15.62335pt.
[12

]
File: Theme/Logos/footerlogo.png Graphic file (type png)
<use Theme/Logos/footerlogo.png>
Package pdftex.def Info: Theme/Logos/footerlogo.png  used on input line 196.
(pdftex.def)             Requested size: 45.52718pt x 15.62335pt.


File: Theme/Logos/footerlogo.png Graphic file (type png)
<use Theme/Logos/footerlogo.png>
Package pdftex.def Info: Theme/Logos/footerlogo.png  used on input line 196.
(pdftex.def)             Requested size: 45.52718pt x 15.62335pt.
[13

]
File: Theme/Logos/footerlogo.png Graphic file (type png)
<use Theme/Logos/footerlogo.png>
Package pdftex.def Info: Theme/Logos/footerlogo.png  used on input line 212.
(pdftex.def)             Requested size: 45.52718pt x 15.62335pt.


[14

]
File: Theme/Logos/footerlogo.png Graphic file (type png)
<use Theme/Logos/footerlogo.png>
Package pdftex.def Info: Theme/Logos/footerlogo.png  used on input line 228.
(pdftex.def)             Requested size: 45.52718pt x 15.62335pt.


File: Theme/Logos/footerlogo.png Graphic file (type png)
<use Theme/Logos/footerlogo.png>
Package pdftex.def Info: Theme/Logos/footerlogo.png  used on input line 228.
(pdftex.def)             Requested size: 45.52718pt x 15.62335pt.
[15

]
File: Theme/Logos/footerlogo.png Graphic file (type png)
<use Theme/Logos/footerlogo.png>
Package pdftex.def Info: Theme/Logos/footerlogo.png  used on input line 242.
(pdftex.def)             Requested size: 45.52718pt x 15.62335pt.


[16

]
File: Theme/Logos/footerlogo.png Graphic file (type png)
<use Theme/Logos/footerlogo.png>
Package pdftex.def Info: Theme/Logos/footerlogo.png  used on input line 251.
(pdftex.def)             Requested size: 45.52718pt x 15.62335pt.


File: Theme/Logos/footerlogo.png Graphic file (type png)
<use Theme/Logos/footerlogo.png>
Package pdftex.def Info: Theme/Logos/footerlogo.png  used on input line 251.
(pdftex.def)             Requested size: 45.52718pt x 15.62335pt.
[17

]
File: Theme/Logos/footerlogo.png Graphic file (type png)
<use Theme/Logos/footerlogo.png>
Package pdftex.def Info: Theme/Logos/footerlogo.png  used on input line 265.
(pdftex.def)             Requested size: 45.52718pt x 15.62335pt.
<images/map.png, id=205, 1987.425pt x 1535.7375pt>
File: images/map.png Graphic file (type png)
<use images/map.png>
Package pdftex.def Info: images/map.png  used on input line 265.
(pdftex.def)             Requested size: 239.00558pt x 184.67891pt.


File: Theme/Logos/footerlogo.png Graphic file (type png)
<use Theme/Logos/footerlogo.png>
Package pdftex.def Info: Theme/Logos/footerlogo.png  used on input line 265.
(pdftex.def)             Requested size: 45.52718pt x 15.62335pt.
[18

 <./images/map.png>]
File: Theme/Logos/footerlogo.png Graphic file (type png)
<use Theme/Logos/footerlogo.png>
Package pdftex.def Info: Theme/Logos/footerlogo.png  used on input line 274.
(pdftex.def)             Requested size: 45.52718pt x 15.62335pt.


File: Theme/Logos/footerlogo.png Graphic file (type png)
<use Theme/Logos/footerlogo.png>
Package pdftex.def Info: Theme/Logos/footerlogo.png  used on input line 274.
(pdftex.def)             Requested size: 45.52718pt x 15.62335pt.
[19

]
File: Theme/Logos/footerlogo.png Graphic file (type png)
<use Theme/Logos/footerlogo.png>
Package pdftex.def Info: Theme/Logos/footerlogo.png  used on input line 288.
(pdftex.def)             Requested size: 45.52718pt x 15.62335pt.


[20

]
File: Theme/Logos/footerlogo.png Graphic file (type png)
<use Theme/Logos/footerlogo.png>
Package pdftex.def Info: Theme/Logos/footerlogo.png  used on input line 296.
(pdftex.def)             Requested size: 45.52718pt x 15.62335pt.


File: Theme/Logos/footerlogo.png Graphic file (type png)
<use Theme/Logos/footerlogo.png>
Package pdftex.def Info: Theme/Logos/footerlogo.png  used on input line 296.
(pdftex.def)             Requested size: 45.52718pt x 15.62335pt.
[21

]
File: Theme/Logos/footerlogo.png Graphic file (type png)
<use Theme/Logos/footerlogo.png>
Package pdftex.def Info: Theme/Logos/footerlogo.png  used on input line 311.
(pdftex.def)             Requested size: 45.52718pt x 15.62335pt.


[22

]
File: Theme/Logos/footerlogo.png Graphic file (type png)
<use Theme/Logos/footerlogo.png>
Package pdftex.def Info: Theme/Logos/footerlogo.png  used on input line 319.
(pdftex.def)             Requested size: 45.52718pt x 15.62335pt.


File: Theme/Logos/footerlogo.png Graphic file (type png)
<use Theme/Logos/footerlogo.png>
Package pdftex.def Info: Theme/Logos/footerlogo.png  used on input line 319.
(pdftex.def)             Requested size: 45.52718pt x 15.62335pt.
[23

]
File: Theme/Logos/footerlogo.png Graphic file (type png)
<use Theme/Logos/footerlogo.png>
Package pdftex.def Info: Theme/Logos/footerlogo.png  used on input line 334.
(pdftex.def)             Requested size: 45.52718pt x 15.62335pt.


[24

]
File: Theme/Logos/footerlogo.png Graphic file (type png)
<use Theme/Logos/footerlogo.png>
Package pdftex.def Info: Theme/Logos/footerlogo.png  used on input line 342.
(pdftex.def)             Requested size: 45.52718pt x 15.62335pt.


File: Theme/Logos/footerlogo.png Graphic file (type png)
<use Theme/Logos/footerlogo.png>
Package pdftex.def Info: Theme/Logos/footerlogo.png  used on input line 342.
(pdftex.def)             Requested size: 45.52718pt x 15.62335pt.
[25

]
File: Theme/Logos/footerlogo.png Graphic file (type png)
<use Theme/Logos/footerlogo.png>
Package pdftex.def Info: Theme/Logos/footerlogo.png  used on input line 358.
(pdftex.def)             Requested size: 45.52718pt x 15.62335pt.


[26

]
File: Theme/Logos/footerlogo.png Graphic file (type png)
<use Theme/Logos/footerlogo.png>
Package pdftex.def Info: Theme/Logos/footerlogo.png  used on input line 366.
(pdftex.def)             Requested size: 45.52718pt x 15.62335pt.


File: Theme/Logos/footerlogo.png Graphic file (type png)
<use Theme/Logos/footerlogo.png>
Package pdftex.def Info: Theme/Logos/footerlogo.png  used on input line 366.
(pdftex.def)             Requested size: 45.52718pt x 15.62335pt.
[27

]
File: Theme/Logos/footerlogo.png Graphic file (type png)
<use Theme/Logos/footerlogo.png>
Package pdftex.def Info: Theme/Logos/footerlogo.png  used on input line 374.
(pdftex.def)             Requested size: 45.52718pt x 15.62335pt.


File: Theme/Logos/footerlogo.png Graphic file (type png)
<use Theme/Logos/footerlogo.png>
Package pdftex.def Info: Theme/Logos/footerlogo.png  used on input line 374.
(pdftex.def)             Requested size: 45.52718pt x 15.62335pt.
[28

]
File: Theme/Logos/footerlogo.png Graphic file (type png)
<use Theme/Logos/footerlogo.png>
Package pdftex.def Info: Theme/Logos/footerlogo.png  used on input line 382.
(pdftex.def)             Requested size: 45.52718pt x 15.62335pt.


File: Theme/Logos/footerlogo.png Graphic file (type png)
<use Theme/Logos/footerlogo.png>
Package pdftex.def Info: Theme/Logos/footerlogo.png  used on input line 382.
(pdftex.def)             Requested size: 45.52718pt x 15.62335pt.
[29

]
File: Theme/Logos/footerlogo.png Graphic file (type png)
<use Theme/Logos/footerlogo.png>
Package pdftex.def Info: Theme/Logos/footerlogo.png  used on input line 392.
(pdftex.def)             Requested size: 45.52718pt x 15.62335pt.
 (images/research_plan.tex
Missing character: There is no W in font nullfont!
Missing character: There is no E in font nullfont!
Missing character: There is no E in font nullfont!
Missing character: There is no K in font nullfont!
Missing character: There is no S in font nullfont!
Missing character: There is no : in font nullfont!
Missing character: There is no 1 in font nullfont!
)
Overfull \vbox (14.17772pt too high) detected at line 392
 []



File: Theme/Logos/footerlogo.png Graphic file (type png)
<use Theme/Logos/footerlogo.png>
Package pdftex.def Info: Theme/Logos/footerlogo.png  used on input line 392.
(pdftex.def)             Requested size: 45.52718pt x 15.62335pt.
[30

]
File: Theme/Logos/footerlogo.png Graphic file (type png)
<use Theme/Logos/footerlogo.png>
Package pdftex.def Info: Theme/Logos/footerlogo.png  used on input line 406.
(pdftex.def)             Requested size: 45.52718pt x 15.62335pt.
 (Deck.bbl

LaTeX Font Warning: Font shape `OT1/cmr/m/scit' undefined
(Font)              using `OT1/cmr/m/it' instead on input line 33.


LaTeX Font Warning: Font shape `OT1/cmr/m/scit' undefined
(Font)              using `OT1/cmr/m/it' instead on input line 38.


LaTeX Font Warning: Font shape `OT1/cmr/m/scit' undefined
(Font)              using `OT1/cmr/m/it' instead on input line 45.


LaTeX Font Warning: Font shape `OT1/cmr/m/scit' undefined
(Font)              using `OT1/cmr/m/it' instead on input line 50.

)

File: Theme/Logos/footerlogo.png Graphic file (type png)
<use Theme/Logos/footerlogo.png>
Package pdftex.def Info: Theme/Logos/footerlogo.png  used on input line 406.
(pdftex.def)             Requested size: 45.52718pt x 15.62335pt.
[31

]
File: Theme/Logos/footerlogo.png Graphic file (type png)
<use Theme/Logos/footerlogo.png>
Package pdftex.def Info: Theme/Logos/footerlogo.png  used on input line 420.
(pdftex.def)             Requested size: 45.52718pt x 15.62335pt.


File: Theme/Logos/footerlogo.png Graphic file (type png)
<use Theme/Logos/footerlogo.png>
Package pdftex.def Info: Theme/Logos/footerlogo.png  used on input line 420.
(pdftex.def)             Requested size: 45.52718pt x 15.62335pt.
[32

]
\tf@nav=\write6
\openout6 = `Deck.nav'.

\tf@toc=\write7
\openout7 = `Deck.toc'.

\tf@snm=\write8
\openout8 = `Deck.snm'.

 (Deck.aux)
 ***********
LaTeX2e <2024-11-01> patch level 2
L3 programming layer <2025-04-14>
 ***********
Package rerunfilecheck Info: File `Deck.out' has not changed.
(rerunfilecheck)             Checksum: 549CE5A998346F423FF10B0DDFA48FFF;1732.
 ) 
Here is how much of TeX's memory you used:
 33787 strings out of 469946
 677150 string characters out of 5466606
 1239456 words of memory out of 5000000
 59852 multiletter control sequences out of 15000+600000
 637148 words of font info for 79 fonts, out of 8000000 for 9000
 1141 hyphenation exceptions out of 8191
 128i,16n,123p,493b,1146s stack positions out of 10000i,1000n,20000p,200000b,200000s
</Library/Application Support/MiKTeX/texmfs/install/fonts/type1/public/amsfonts/cm/cmbx10.pfb></Library/Application Support/MiKTeX/texmfs/install/fonts/type1/public/amsfonts/cm/cmbx12.pfb></Library/Application Support/MiKTeX/texmfs/install/fonts/type1/public/amsfonts/cm/cmbx9.pfb></Library/Application Support/MiKTeX/texmfs/install/fonts/type1/public/amsfonts/cm/cmcsc10.pfb></Library/Application Support/MiKTeX/texmfs/install/fonts/type1/public/amsfonts/cm/cmmi10.pfb></Library/Application Support/MiKTeX/texmfs/install/fonts/type1/public/amsfonts/cm/cmr10.pfb></Library/Application Support/MiKTeX/texmfs/install/fonts/type1/public/amsfonts/cm/cmr12.pfb></Library/Application Support/MiKTeX/texmfs/install/fonts/type1/public/amsfonts/cm/cmr6.pfb></Library/Application Support/MiKTeX/texmfs/install/fonts/type1/public/amsfonts/cm/cmr8.pfb></Library/Application Support/MiKTeX/texmfs/install/fonts/type1/public/amsfonts/cm/cmr9.pfb></Library/Application Support/MiKTeX/texmfs/install/fonts/type1/public/amsfonts/cm/cmti7.pfb></Library/Application Support/MiKTeX/texmfs/install/fonts/type1/public/amsfonts/symbols/msam10.pfb>
Output written on Deck.pdf (32 pages, 2179375 bytes).
PDF statistics:
 361 PDF objects out of 1000 (max. 8388607)
 87 named destinations out of 1000 (max. 500000)
 167 words of extra memory for PDF output out of 10000 (max. 10000000)

