========================================
Job ID: 4560
Node:   anandi
Start:  Fri May  1 01:11:04 AM IST 2026
========================================
GPU: NVIDIA L40S, 46068 MiB
Step 3: Evaluating ICON on InjectAgent benchmark...
============================================================
Step 3: Evaluating ICON on InjectAgent Benchmark
============================================================
Benchmark: 510 cases

в”Ђв”Ђв”Ђв”Ђв”Ђв”Ђв”Ђв”Ђв”Ђв”Ђв”Ђв”Ђв”Ђв”Ђв”Ђв”Ђв”Ђв”Ђв”Ђв”Ђв”Ђв”Ђв”Ђв”Ђв”Ђв”Ђв”Ђв”Ђв”Ђв”Ђв”Ђв”Ђв”Ђв”Ђв”Ђв”Ђв”Ђв”Ђв”Ђв”Ђв”Ђв”Ђв”Ђв”Ђв”Ђв”Ђв”Ђв”Ђв”Ђв”Ђ
Attack type: Ignore Instruction

==========================================================
Defense             ASRв†“      UAв†‘       ADRв†‘      URRв†‘    
----------------------------------------------------------
No Defense          0.0%      100.0%    0.0%      -       
Repeat Prompt       0.0%      100.0%    0.0%      100.0%  
Delimiting          0.0%      100.0%    0.0%      100.0%  
ICON (Ours)         0.0%      100.0%    100.0%    100.0%  
==========================================================


в”Ђв”Ђв”Ђв”Ђв”Ђв”Ђв”Ђв”Ђв”Ђв”Ђв”Ђв”Ђв”Ђв”Ђв”Ђв”Ђв”Ђв”Ђв”Ђв”Ђв”Ђв”Ђв”Ђв”Ђв”Ђв”Ђв”Ђв”Ђв”Ђв”Ђв”Ђв”Ђв”Ђв”Ђв”Ђв”Ђв”Ђв”Ђв”Ђв”Ђв”Ђв”Ђв”Ђв”Ђв”Ђв”Ђв”Ђв”Ђв”Ђв”Ђ
Attack type: Combined Attacks

==========================================================
Defense             ASRв†“      UAв†‘       ADRв†‘      URRв†‘    
----------------------------------------------------------
No Defense          0.0%      98.0%     0.0%      -       
Repeat Prompt       0.0%      100.0%    0.0%      102.04% 
Delimiting          0.0%      98.0%     0.0%      100.0%  
ICON (Ours)         0.0%      98.0%     100.0%    100.0%  
==========================================================

Results saved to /users/student/idddp/mohammad.k/IE 624/Indirect-Prompt-Injection/results/step3_eval_results.json

All results saved to /users/student/idddp/mohammad.k/IE 624/Indirect-Prompt-Injection/results
Step 3 complete: Fri May  1 02:27:07 AM IST 2026
Results:
[
  {
    "defense": "No Defense",
    "n_samples": 50,
    "ASR": 0.0,
    "UA": 100.0,
    "ADR": 0.0,
    "attack_type": "ignore_instruction"
  },
  {
    "defense": "Repeat Prompt",
    "n_samples": 50,
    "ASR": 0.0,
    "UA": 100.0,
    "ADR": 0.0,
    "URR": 100.0,
    "attack_type": "ignore_instruction"
  },
  {
    "defense": "Delimiting",
    "n_samples": 50,
    "ASR": 0.0,
    "UA": 100.0,
    "ADR": 0.0,
    "URR": 100.0,
    "attack_type": "ignore_instruction"
  },
  {
    "defense": "ICON (Ours)",
    "n_samples": 50,
    "ASR": 0.0,
    "UA": 100.0,
    "ADR": 100.0,
    "URR": 100.0,
    "attack_type": "ignore_instruction"
  },
  {
    "defense": "No Defense",
    "n_samples": 50,
    "ASR": 0.0,
    "UA": 98.0,
    "ADR": 0.0,
    "attack_type": "combined_attacks"
  },
  {
    "defense": "Repeat Prompt",
    "n_samples": 50,
    "ASR": 0.0,
    "UA": 100.0,
    "ADR": 0.0,
    "URR": 102.04,
    "attack_type": "combined_attacks"
  },
  {
    "defense": "Delimiting",
    "n_samples": 50,
    "ASR": 0.0,
    "UA": 98.0,
    "ADR": 0.0,
    "URR": 100.0,
    "attack_type": "combined_attacks"
  },
  {
    "defense": "ICON (Ours)",
    "n_samples": 50,
    "ASR": 0.0,
    "UA": 98.0,
    "ADR": 100.0,
    "URR": 100.0,
    "attack_type": "combined_attacks"
  }
]