Traceback (most recent call last):
  File "/users/student/idddp/mohammad.k/IE 624/Indirect-Prompt-Injection/step2_train.py", line 205, in <module>
    main(parser.parse_args())
  File "/users/student/idddp/mohammad.k/IE 624/Indirect-Prompt-Injection/step2_train.py", line 144, in main
    model, tokenizer = load_model_and_tokenizer()
                       ^^^^^^^^^^^^^^^^^^^^^^^^^^
  File "/users/student/idddp/mohammad.k/IE 624/Indirect-Prompt-Injection/src/utils.py", line 39, in load_model_and_tokenizer
    from transformers import AutoTokenizer, AutoModelForCausalLM, BitsAndBytesConfig
  File "/users/student/idddp/mohammad.k/IE 624/.env624/lib/python3.12/site-packages/transformers/utils/import_utils.py", line 2212, in __getattr__
    module = self._get_module(self._class_to_module[name])
             ^^^^^^^^^^^^^^^^^^^^^^^^^^^^^^^^^^^^^^^^^^^^^
  File "/users/student/idddp/mohammad.k/IE 624/.env624/lib/python3.12/site-packages/transformers/utils/import_utils.py", line 2446, in _get_module
    raise e
  File "/users/student/idddp/mohammad.k/IE 624/.env624/lib/python3.12/site-packages/transformers/utils/import_utils.py", line 2444, in _get_module
    return importlib.import_module("." + module_name, self.__name__)
           ^^^^^^^^^^^^^^^^^^^^^^^^^^^^^^^^^^^^^^^^^^^^^^^^^^^^^^^^^
  File "/usr/lib/python3.12/importlib/__init__.py", line 90, in import_module
    return _bootstrap._gcd_import(name[level:], package, level)
           ^^^^^^^^^^^^^^^^^^^^^^^^^^^^^^^^^^^^^^^^^^^^^^^^^^^^
  File "/users/student/idddp/mohammad.k/IE 624/.env624/lib/python3.12/site-packages/transformers/models/auto/tokenization_auto.py", line 38, in <module>
    from .auto_factory import _LazyAutoMapping
  File "/users/student/idddp/mohammad.k/IE 624/.env624/lib/python3.12/site-packages/transformers/models/auto/auto_factory.py", line 43, in <module>
    from ...generation import GenerationMixin
  File "/users/student/idddp/mohammad.k/IE 624/.env624/lib/python3.12/site-packages/transformers/utils/import_utils.py", line 2212, in __getattr__
    module = self._get_module(self._class_to_module[name])
             ^^^^^^^^^^^^^^^^^^^^^^^^^^^^^^^^^^^^^^^^^^^^^
  File "/users/student/idddp/mohammad.k/IE 624/.env624/lib/python3.12/site-packages/transformers/utils/import_utils.py", line 2446, in _get_module
    raise e
  File "/users/student/idddp/mohammad.k/IE 624/.env624/lib/python3.12/site-packages/transformers/utils/import_utils.py", line 2444, in _get_module
    return importlib.import_module("." + module_name, self.__name__)
           ^^^^^^^^^^^^^^^^^^^^^^^^^^^^^^^^^^^^^^^^^^^^^^^^^^^^^^^^^
  File "/usr/lib/python3.12/importlib/__init__.py", line 90, in import_module
    return _bootstrap._gcd_import(name[level:], package, level)
           ^^^^^^^^^^^^^^^^^^^^^^^^^^^^^^^^^^^^^^^^^^^^^^^^^^^^
  File "/users/student/idddp/mohammad.k/IE 624/.env624/lib/python3.12/site-packages/transformers/generation/utils.py", line 44, in <module>
    from ..masking_utils import create_masks_for_generate
  File "/users/student/idddp/mohammad.k/IE 624/.env624/lib/python3.12/site-packages/transformers/masking_utils.py", line 40, in <module>
    from torch._dynamo._trace_wrapped_higher_order_op import TransformGetItemToIndex
ImportError: cannot import name 'TransformGetItemToIndex' from 'torch._dynamo._trace_wrapped_higher_order_op' (/users/student/idddp/mohammad.k/IE 624/.env624/lib/python3.12/site-packages/torch/_dynamo/_trace_wrapped_higher_order_op.py)
